<?xml version="1.0" encoding="UTF-8"?>
<!-- Generated by org.testng.reporters.JUnitXMLReporter -->
<testsuite ignored="0" hostname="LAPTOP-C2P7M9NV" failures="0" tests="3" name="Surefire test" time="0.041" errors="0" timestamp="2026-01-02T15:21:47 IST">
  <testcase classname="githubPractice.GithubPraticeTest" name="githubPraticeTest" time="0.007"/>
  <testcase classname="jenkinsPractice.JenkinsPracticeTest" name="jenkinsPracticeTest" time="0.002"/>
  <testcase classname="mavenPractice.MavenPracticeTest" name="mavenPracticeTest" time="0.0"/>
</testsuite> <!-- Surefire test -->
