<?xml version="1.0" encoding="UTF-8"?>
<testng-results ignored="0" total="3" passed="3" failed="0" skipped="0">
  <reporter-output>
  </reporter-output>
  <suite started-at="2026-01-02T15:21:47 IST" name="Surefire suite" finished-at="2026-01-02T15:21:47 IST" duration-ms="41">
    <groups>
    </groups>
    <test started-at="2026-01-02T15:21:47 IST" name="Surefire test" finished-at="2026-01-02T15:21:47 IST" duration-ms="41">
      <class name="jenkinsPractice.JenkinsPracticeTest">
        <test-method signature="jenkinsPracticeTest()[pri:0, instance:jenkinsPractice.JenkinsPracticeTest@4f9a3314]" started-at="2026-01-02T15:21:47 IST" name="jenkinsPracticeTest" finished-at="2026-01-02T15:21:47 IST" duration-ms="2" status="PASS">
          <reporter-output>
          </reporter-output>
        </test-method> <!-- jenkinsPracticeTest -->
      </class> <!-- jenkinsPractice.JenkinsPracticeTest -->
      <class name="githubPractice.GithubPraticeTest">
        <test-method signature="githubPraticeTest()[pri:0, instance:githubPractice.GithubPraticeTest@731f8236]" started-at="2026-01-02T15:21:47 IST" name="githubPraticeTest" finished-at="2026-01-02T15:21:47 IST" duration-ms="7" status="PASS">
          <reporter-output>
          </reporter-output>
        </test-method> <!-- githubPraticeTest -->
      </class> <!-- githubPractice.GithubPraticeTest -->
      <class name="mavenPractice.MavenPracticeTest">
        <test-method signature="mavenPracticeTest()[pri:0, instance:mavenPractice.MavenPracticeTest@3b2c72c2]" started-at="2026-01-02T15:21:47 IST" name="mavenPracticeTest" finished-at="2026-01-02T15:21:47 IST" duration-ms="0" status="PASS">
          <reporter-output>
          </reporter-output>
        </test-method> <!-- mavenPracticeTest -->
      </class> <!-- mavenPractice.MavenPracticeTest -->
    </test> <!-- Surefire test -->
  </suite> <!-- Surefire suite -->
</testng-results>
